<?xml version="1.0" encoding="UTF-8"?>
<testsuite xmlns:xsi="http://www.w3.org/2001/XMLSchema-instance" xsi:noNamespaceSchemaLocation="https://maven.apache.org/surefire/maven-surefire-plugin/xsd/surefire-test-report.xsd" name="TestSuite" time="19.557" tests="3" errors="0" skipped="0" failures="1">
  <properties>
[...]
</properties>
  <testcase name="test2" classname="com.rest.AssuredRestPractise.GetTest" time="16.458"/>
  <testcase name="test3" classname="com.rest.AssuredRestPractise.GetTest" time="0.43"/>
  <testcase name="postTest1" classname="com.rest.AssuredRestPractise.PostTest" time="1.231">
    <failure message="1 expectation failed.&#10;Expected status code &lt;200&gt; but was &lt;201&gt;.&#10;" type="java.lang.AssertionError"><![CDATA[java.lang.AssertionError: 
1 expectation failed.
Expected status code <200> but was <201>.

	at com.rest.AssuredRestPractise.PostTest.postTest1(PostTest.java:26)
]]></failure>
  </testcase>
</testsuite>